<?xml version="1.0" encoding="UTF-8"?>
<testsuite xmlns:xsi="http://www.w3.org/2001/XMLSchema-instance" xsi:noNamespaceSchemaLocation="https://maven.apache.org/surefire/maven-surefire-plugin/xsd/surefire-test-report-3.0.xsd" version="3.0" name="com.codeprojectz.main.MainApplicationTests" time="12.827" tests="1" errors="0" skipped="0" failures="0">
  <properties>
[...]
</properties>
  <testcase name="contextLoads" classname="com.codeprojectz.main.MainApplicationTests" time="0.9">
    <system-out><![CDATA[20:04:56.401 [main] INFO org.springframework.test.context.support.AnnotationConfigContextLoaderUtils -- Could not detect default configuration classes for test class [com.codeprojectz.main.MainApplicationTests]: MainApplicationTests does not declare any static, non-private, non-final, nested classes annotated with @Configuration.
20:04:56.617 [main] INFO org.springframework.boot.test.context.SpringBootTestContextBootstrapper -- Found @SpringBootConfiguration com.codeprojectz.main.MainApplication for test class com.codeprojectz.main.MainApplicationTests
20:04:56.910 [main] INFO org.springframework.boot.devtools.restart.RestartApplicationListener -- Restart disabled due to context in which it is running

  .   ____          _            __ _ _
 /\\ / ___'_ __ _ _(_)_ __  __ _ \ \ \ \
( ( )\___ | '_ | '_| | '_ \/ _` | \ \ \ \
 \\/  ___)| |_)| | | | | || (_| |  ) ) ) )
  '  |____| .__|_| |_|_| |_\__, | / / / /
 =========|_|==============|___/=/_/_/_/
&amp#27;[32m :: Spring Boot :: &amp#27;[39m              &amp#27;[2m (v3.2.4)&amp#27;[0;39m

&amp#27;[2m2024-07-01T20:04:57.620-03:00&amp#27;[0;39m &amp#27;[32m INFO&amp#27;[0;39m &amp#27;[35m22715&amp#27;[0;39m &amp#27;[2m---&amp#27;[0;39m &amp#27;[2m[main] [           main]&amp#27;[0;39m &amp#27;[2m&amp#27;[0;39m&amp#27;[36mc.c.main.MainApplicationTests           &amp#27;[0;39m &amp#27;[2m:&amp#27;[0;39m Starting MainApplicationTests using Java 22.0.1 with PID 22715 (started by alvin in /home/alvin/Documentos/GitHub/CodeProjectz/BackEnd/main)
&amp#27;[2m2024-07-01T20:04:57.625-03:00&amp#27;[0;39m &amp#27;[32m INFO&amp#27;[0;39m &amp#27;[35m22715&amp#27;[0;39m &amp#27;[2m---&amp#27;[0;39m &amp#27;[2m[main] [           main]&amp#27;[0;39m &amp#27;[2m&amp#27;[0;39m&amp#27;[36mc.c.main.MainApplicationTests           &amp#27;[0;39m &amp#27;[2m:&amp#27;[0;39m No active profile set, falling back to 1 default profile: "default"
&amp#27;[2m2024-07-01T20:04:59.508-03:00&amp#27;[0;39m &amp#27;[32m INFO&amp#27;[0;39m &amp#27;[35m22715&amp#27;[0;39m &amp#27;[2m---&amp#27;[0;39m &amp#27;[2m[main] [           main]&amp#27;[0;39m &amp#27;[2m&amp#27;[0;39m&amp#27;[36m.s.d.r.c.RepositoryConfigurationDelegate&amp#27;[0;39m &amp#27;[2m:&amp#27;[0;39m Bootstrapping Spring Data JPA repositories in DEFAULT mode.
&amp#27;[2m2024-07-01T20:04:59.624-03:00&amp#27;[0;39m &amp#27;[32m INFO&amp#27;[0;39m &amp#27;[35m22715&amp#27;[0;39m &amp#27;[2m---&amp#27;[0;39m &amp#27;[2m[main] [           main]&amp#27;[0;39m &amp#27;[2m&amp#27;[0;39m&amp#27;[36m.s.d.r.c.RepositoryConfigurationDelegate&amp#27;[0;39m &amp#27;[2m:&amp#27;[0;39m Finished Spring Data repository scanning in 105 ms. Found 4 JPA repository interfaces.
&amp#27;[2m2024-07-01T20:05:00.965-03:00&amp#27;[0;39m &amp#27;[32m INFO&amp#27;[0;39m &amp#27;[35m22715&amp#27;[0;39m &amp#27;[2m---&amp#27;[0;39m &amp#27;[2m[main] [           main]&amp#27;[0;39m &amp#27;[2m&amp#27;[0;39m&amp#27;[36mo.hibernate.jpa.internal.util.LogHelper &amp#27;[0;39m &amp#27;[2m:&amp#27;[0;39m HHH000204: Processing PersistenceUnitInfo [name: default]
&amp#27;[2m2024-07-01T20:05:01.110-03:00&amp#27;[0;39m &amp#27;[32m INFO&amp#27;[0;39m &amp#27;[35m22715&amp#27;[0;39m &amp#27;[2m---&amp#27;[0;39m &amp#27;[2m[main] [           main]&amp#27;[0;39m &amp#27;[2m&amp#27;[0;39m&amp#27;[36morg.hibernate.Version                   &amp#27;[0;39m &amp#27;[2m:&amp#27;[0;39m HHH000412: Hibernate ORM core version 6.4.4.Final
&amp#27;[2m2024-07-01T20:05:01.198-03:00&amp#27;[0;39m &amp#27;[32m INFO&amp#27;[0;39m &amp#27;[35m22715&amp#27;[0;39m &amp#27;[2m---&amp#27;[0;39m &amp#27;[2m[main] [           main]&amp#27;[0;39m &amp#27;[2m&amp#27;[0;39m&amp#27;[36mo.h.c.internal.RegionFactoryInitiator   &amp#27;[0;39m &amp#27;[2m:&amp#27;[0;39m HHH000026: Second-level cache disabled
&amp#27;[2m2024-07-01T20:05:01.642-03:00&amp#27;[0;39m &amp#27;[32m INFO&amp#27;[0;39m &amp#27;[35m22715&amp#27;[0;39m &amp#27;[2m---&amp#27;[0;39m &amp#27;[2m[main] [           main]&amp#27;[0;39m &amp#27;[2m&amp#27;[0;39m&amp#27;[36mo.s.o.j.p.SpringPersistenceUnitInfo     &amp#27;[0;39m &amp#27;[2m:&amp#27;[0;39m No LoadTimeWeaver setup: ignoring JPA class transformer
&amp#27;[2m2024-07-01T20:05:01.693-03:00&amp#27;[0;39m &amp#27;[32m INFO&amp#27;[0;39m &amp#27;[35m22715&amp#27;[0;39m &amp#27;[2m---&amp#27;[0;39m &amp#27;[2m[main] [           main]&amp#27;[0;39m &amp#27;[2m&amp#27;[0;39m&amp#27;[36mcom.zaxxer.hikari.HikariDataSource      &amp#27;[0;39m &amp#27;[2m:&amp#27;[0;39m HikariPool-1 - Starting...
&amp#27;[2m2024-07-01T20:05:02.456-03:00&amp#27;[0;39m &amp#27;[32m INFO&amp#27;[0;39m &amp#27;[35m22715&amp#27;[0;39m &amp#27;[2m---&amp#27;[0;39m &amp#27;[2m[main] [           main]&amp#27;[0;39m &amp#27;[2m&amp#27;[0;39m&amp#27;[36mcom.zaxxer.hikari.pool.HikariPool       &amp#27;[0;39m &amp#27;[2m:&amp#27;[0;39m HikariPool-1 - Added connection com.mysql.cj.jdbc.ConnectionImpl@7f53fc38
&amp#27;[2m2024-07-01T20:05:02.460-03:00&amp#27;[0;39m &amp#27;[32m INFO&amp#27;[0;39m &amp#27;[35m22715&amp#27;[0;39m &amp#27;[2m---&amp#27;[0;39m &amp#27;[2m[main] [           main]&amp#27;[0;39m &amp#27;[2m&amp#27;[0;39m&amp#27;[36mcom.zaxxer.hikari.HikariDataSource      &amp#27;[0;39m &amp#27;[2m:&amp#27;[0;39m HikariPool-1 - Start completed.
&amp#27;[2m2024-07-01T20:05:04.398-03:00&amp#27;[0;39m &amp#27;[32m INFO&amp#27;[0;39m &amp#27;[35m22715&amp#27;[0;39m &amp#27;[2m---&amp#27;[0;39m &amp#27;[2m[main] [           main]&amp#27;[0;39m &amp#27;[2m&amp#27;[0;39m&amp#27;[36mo.h.e.t.j.p.i.JtaPlatformInitiator      &amp#27;[0;39m &amp#27;[2m:&amp#27;[0;39m HHH000489: No JTA platform available (set 'hibernate.transaction.jta.platform' to enable JTA platform integration)
&amp#27;[2m2024-07-01T20:05:04.547-03:00&amp#27;[0;39m &amp#27;[32m INFO&amp#27;[0;39m &amp#27;[35m22715&amp#27;[0;39m &amp#27;[2m---&amp#27;[0;39m &amp#27;[2m[main] [           main]&amp#27;[0;39m &amp#27;[2m&amp#27;[0;39m&amp#27;[36mj.LocalContainerEntityManagerFactoryBean&amp#27;[0;39m &amp#27;[2m:&amp#27;[0;39m Initialized JPA EntityManagerFactory for persistence unit 'default'
&amp#27;[2m2024-07-01T20:05:05.528-03:00&amp#27;[0;39m &amp#27;[32m INFO&amp#27;[0;39m &amp#27;[35m22715&amp#27;[0;39m &amp#27;[2m---&amp#27;[0;39m &amp#27;[2m[main] [           main]&amp#27;[0;39m &amp#27;[2m&amp#27;[0;39m&amp#27;[36mo.s.d.j.r.query.QueryEnhancerFactory    &amp#27;[0;39m &amp#27;[2m:&amp#27;[0;39m Hibernate is in classpath; If applicable, HQL parser will be used.
&amp#27;[2m2024-07-01T20:05:06.605-03:00&amp#27;[0;39m &amp#27;[33m WARN&amp#27;[0;39m &amp#27;[35m22715&amp#27;[0;39m &amp#27;[2m---&amp#27;[0;39m &amp#27;[2m[main] [           main]&amp#27;[0;39m &amp#27;[2m&amp#27;[0;39m&amp#27;[36mJpaBaseConfiguration$JpaWebConfiguration&amp#27;[0;39m &amp#27;[2m:&amp#27;[0;39m spring.jpa.open-in-view is enabled by default. Therefore, database queries may be performed during view rendering. Explicitly configure spring.jpa.open-in-view to disable this warning
&amp#27;[2m2024-07-01T20:05:07.153-03:00&amp#27;[0;39m &amp#27;[32m INFO&amp#27;[0;39m &amp#27;[35m22715&amp#27;[0;39m &amp#27;[2m---&amp#27;[0;39m &amp#27;[2m[main] [           main]&amp#27;[0;39m &amp#27;[2m&amp#27;[0;39m&amp#27;[36mo.s.s.web.DefaultSecurityFilterChain    &amp#27;[0;39m &amp#27;[2m:&amp#27;[0;39m Will secure any request with [org.springframework.security.web.session.DisableEncodeUrlFilter@37edb7fa, org.springframework.security.web.context.request.async.WebAsyncManagerIntegrationFilter@6af447b6, org.springframework.security.web.context.SecurityContextHolderFilter@5e24af83, org.springframework.security.web.header.HeaderWriterFilter@439acac0, org.springframework.web.filter.CorsFilter@47cce306, org.springframework.security.web.authentication.logout.LogoutFilter@52caa9d8, com.codeprojectz.main.security.SecurityFilter@3ae5cbb9, org.springframework.security.web.savedrequest.RequestCacheAwareFilter@7d6b0636, org.springframework.security.web.servletapi.SecurityContextHolderAwareRequestFilter@3c971473, org.springframework.security.web.authentication.AnonymousAuthenticationFilter@4ba04fb4, org.springframework.security.web.session.SessionManagementFilter@8cc5602, org.springframework.security.web.access.ExceptionTranslationFilter@37e99c0f, org.springframework.security.web.access.intercept.AuthorizationFilter@5c902a83]
&amp#27;[2m2024-07-01T20:05:07.165-03:00&amp#27;[0;39m &amp#27;[33m WARN&amp#27;[0;39m &amp#27;[35m22715&amp#27;[0;39m &amp#27;[2m---&amp#27;[0;39m &amp#27;[2m[main] [           main]&amp#27;[0;39m &amp#27;[2m&amp#27;[0;39m&amp#27;[36mo.s.s.c.a.web.builders.WebSecurity      &amp#27;[0;39m &amp#27;[2m:&amp#27;[0;39m You are asking Spring Security to ignore Ant [pattern='/swagger-ui/**']. This is not recommended -- please use permitAll via HttpSecurity#authorizeHttpRequests instead.
&amp#27;[2m2024-07-01T20:05:07.166-03:00&amp#27;[0;39m &amp#27;[32m INFO&amp#27;[0;39m &amp#27;[35m22715&amp#27;[0;39m &amp#27;[2m---&amp#27;[0;39m &amp#27;[2m[main] [           main]&amp#27;[0;39m &amp#27;[2m&amp#27;[0;39m&amp#27;[36mo.s.s.web.DefaultSecurityFilterChain    &amp#27;[0;39m &amp#27;[2m:&amp#27;[0;39m Will not secure Ant [pattern='/swagger-ui/**']
&amp#27;[2m2024-07-01T20:05:07.167-03:00&amp#27;[0;39m &amp#27;[33m WARN&amp#27;[0;39m &amp#27;[35m22715&amp#27;[0;39m &amp#27;[2m---&amp#27;[0;39m &amp#27;[2m[main] [           main]&amp#27;[0;39m &amp#27;[2m&amp#27;[0;39m&amp#27;[36mo.s.s.c.a.web.builders.WebSecurity      &amp#27;[0;39m &amp#27;[2m:&amp#27;[0;39m You are asking Spring Security to ignore Ant [pattern='/api-docs/**']. This is not recommended -- please use permitAll via HttpSecurity#authorizeHttpRequests instead.
&amp#27;[2m2024-07-01T20:05:07.167-03:00&amp#27;[0;39m &amp#27;[32m INFO&amp#27;[0;39m &amp#27;[35m22715&amp#27;[0;39m &amp#27;[2m---&amp#27;[0;39m &amp#27;[2m[main] [           main]&amp#27;[0;39m &amp#27;[2m&amp#27;[0;39m&amp#27;[36mo.s.s.web.DefaultSecurityFilterChain    &amp#27;[0;39m &amp#27;[2m:&amp#27;[0;39m Will not secure Ant [pattern='/api-docs/**']
&amp#27;[2m2024-07-01T20:05:07.167-03:00&amp#27;[0;39m &amp#27;[33m WARN&amp#27;[0;39m &amp#27;[35m22715&amp#27;[0;39m &amp#27;[2m---&amp#27;[0;39m &amp#27;[2m[main] [           main]&amp#27;[0;39m &amp#27;[2m&amp#27;[0;39m&amp#27;[36mo.s.s.c.a.web.builders.WebSecurity      &amp#27;[0;39m &amp#27;[2m:&amp#27;[0;39m You are asking Spring Security to ignore Ant [pattern='/swagger']. This is not recommended -- please use permitAll via HttpSecurity#authorizeHttpRequests instead.
&amp#27;[2m2024-07-01T20:05:07.168-03:00&amp#27;[0;39m &amp#27;[32m INFO&amp#27;[0;39m &amp#27;[35m22715&amp#27;[0;39m &amp#27;[2m---&amp#27;[0;39m &amp#27;[2m[main] [           main]&amp#27;[0;39m &amp#27;[2m&amp#27;[0;39m&amp#27;[36mo.s.s.web.DefaultSecurityFilterChain    &amp#27;[0;39m &amp#27;[2m:&amp#27;[0;39m Will not secure Ant [pattern='/swagger']
&amp#27;[2m2024-07-01T20:05:07.922-03:00&amp#27;[0;39m &amp#27;[32m INFO&amp#27;[0;39m &amp#27;[35m22715&amp#27;[0;39m &amp#27;[2m---&amp#27;[0;39m &amp#27;[2m[main] [           main]&amp#27;[0;39m &amp#27;[2m&amp#27;[0;39m&amp#27;[36mc.c.main.MainApplicationTests           &amp#27;[0;39m &amp#27;[2m:&amp#27;[0;39m Started MainApplicationTests in 11.04 seconds (process running for 13.197)
]]></system-out>
    <system-err><![CDATA[WARNING: A Java agent has been loaded dynamically (/home/alvin/.m2/repository/net/bytebuddy/byte-buddy-agent/1.14.12/byte-buddy-agent-1.14.12.jar)
WARNING: If a serviceability tool is in use, please run with -XX:+EnableDynamicAgentLoading to hide this warning
WARNING: If a serviceability tool is not in use, please run with -Djdk.instrument.traceUsage for more information
WARNING: Dynamic loading of agents will be disallowed by default in a future release
]]></system-err>
  </testcase>
</testsuite>